#! /usr/bin/vvp
:ivl_version "11.0 (stable)" "(v11_0)";
:ivl_delay_selection "TYPICAL";
:vpi_time_precision + 0;
:vpi_module "/usr/lib/ivl/system.vpi";
:vpi_module "/usr/lib/ivl/vhdl_sys.vpi";
:vpi_module "/usr/lib/ivl/vhdl_textio.vpi";
:vpi_module "/usr/lib/ivl/v2005_math.vpi";
:vpi_module "/usr/lib/ivl/va_math.vpi";
S_0x55d23fa2c0e0 .scope module, "test_random_generator" "test_random_generator" 2 3;
 .timescale 0 0;
v0x55d23fa44fe0_0 .var "clk", 0 0;
v0x55d23fa450a0_0 .var "rnd_en", 0 0;
v0x55d23fa45140_0 .net "rnd_rnd", 10 0, v0x55d23fa1c070_0;  1 drivers
L_0x7f8f5bc10018 .functor BUFT 1, C4<01110001010>, C4<0>, C4<0>, C4<0>;
v0x55d23fa451e0_0 .net "rnd_seed", 10 0, L_0x7f8f5bc10018;  1 drivers
v0x55d23fa45280_0 .var "rst", 0 0;
S_0x55d23fa2c270 .scope module, "create_random_generator_11b" "create_random_generator_11b" 2 22, 2 68 0, S_0x55d23fa2c0e0;
 .timescale 0 0;
    .port_info 0 /INPUT 1 "clk";
    .port_info 1 /INPUT 1 "rst";
    .port_info 2 /INPUT 1 "en";
    .port_info 3 /INPUT 11 "seed";
    .port_info 4 /OUTPUT 11 "rnd";
v0x55d23f9f5e40_0 .net "clk", 0 0, v0x55d23fa44fe0_0;  1 drivers
v0x55d23fa1be40_0 .net "en", 0 0, v0x55d23fa450a0_0;  1 drivers
v0x55d23fa1c070_0 .var "rnd", 10 0;
v0x55d23fa1ce20_0 .net "rst", 0 0, v0x55d23fa45280_0;  1 drivers
v0x55d23fa44e10_0 .net "seed", 10 0, L_0x7f8f5bc10018;  alias, 1 drivers
E_0x55d23fa30f50 .event posedge, v0x55d23f9f5e40_0;
    .scope S_0x55d23fa2c270;
T_0 ;
    %wait E_0x55d23fa30f50;
    %load/vec4 v0x55d23fa1ce20_0;
    %flag_set/vec4 8;
    %jmp/0xz  T_0.0, 8;
    %load/vec4 v0x55d23fa44e10_0;
    %assign/vec4 v0x55d23fa1c070_0, 0;
    %jmp T_0.1;
T_0.0 ;
    %load/vec4 v0x55d23fa1be40_0;
    %flag_set/vec4 8;
    %jmp/0xz  T_0.2, 8;
    %load/vec4 v0x55d23fa1c070_0;
    %parti/s 10, 0, 2;
    %load/vec4 v0x55d23fa1c070_0;
    %parti/s 1, 10, 5;
    %load/vec4 v0x55d23fa1c070_0;
    %parti/s 1, 9, 5;
    %xor;
    %load/vec4 v0x55d23fa1c070_0;
    %parti/s 1, 7, 4;
    %xor;
    %load/vec4 v0x55d23fa1c070_0;
    %parti/s 1, 1, 2;
    %xor;
    %nor/r;
    %concat/vec4; draw_concat_vec4
    %assign/vec4 v0x55d23fa1c070_0, 0;
T_0.2 ;
T_0.1 ;
    %jmp T_0;
    .thread T_0;
    .scope S_0x55d23fa2c270;
T_1 ;
    %pushi/vec4 0, 0, 11;
    %store/vec4 v0x55d23fa1c070_0, 0, 11;
    %end;
    .thread T_1;
    .scope S_0x55d23fa2c0e0;
T_2 ;
    %pushi/vec4 0, 0, 1;
    %store/vec4 v0x55d23fa44fe0_0, 0, 1;
    %pushi/vec4 1, 0, 1;
    %store/vec4 v0x55d23fa45280_0, 0, 1;
    %pushi/vec4 0, 0, 1;
    %store/vec4 v0x55d23fa450a0_0, 0, 1;
    %end;
    .thread T_2;
    .scope S_0x55d23fa2c0e0;
T_3 ;
    %vpi_call 2 40 "$dumpfile", "uut.vcd" {0 0 0};
    %vpi_call 2 41 "$dumpvars", 32'sb00000000000000000000000000000000 {0 0 0};
    %end;
    .thread T_3;
    .scope S_0x55d23fa2c0e0;
T_4 ;
    %wait E_0x55d23fa30f50;
    %wait E_0x55d23fa30f50;
    %wait E_0x55d23fa30f50;
    %pushi/vec4 0, 0, 1;
    %store/vec4 v0x55d23fa45280_0, 0, 1;
    %pushi/vec4 1, 0, 1;
    %store/vec4 v0x55d23fa450a0_0, 0, 1;
    %delay 1000, 0;
    %vpi_call 2 52 "$finish" {0 0 0};
    %end;
    .thread T_4;
    .scope S_0x55d23fa2c0e0;
T_5 ;
    %delay 5, 0;
    %load/vec4 v0x55d23fa44fe0_0;
    %inv;
    %store/vec4 v0x55d23fa44fe0_0, 0, 1;
    %jmp T_5;
    .thread T_5;
    .scope S_0x55d23fa2c0e0;
T_6 ;
    %wait E_0x55d23fa30f50;
    %load/vec4 v0x55d23fa450a0_0;
    %flag_set/vec4 8;
    %jmp/0xz  T_6.0, 8;
    %vpi_call 2 59 "$display", "%d", &PV<v0x55d23fa45140_0, 0, 4> {0 0 0};
T_6.0 ;
    %jmp T_6;
    .thread T_6;
# The file index is used to find the file name in the following table.
:file_names 3;
    "N/A";
    "<interactive>";
    "random_generator_test_bench_hw.v";
